<?xml version="1.0" encoding="UTF-8"?>
<!-- Generated by org.testng.reporters.JUnitReportReporter -->
<testsuite hostname="DESKTOP-79FQPHF" failures="0" tests="1" name="Sign_up.TestSignUp" time="4.333" errors="0" timestamp="2024-07-05T07:32:51 IST" skipped="0">
  <testcase classname="Sign_up.TestSignUp" name="test" time="4.333"/>
</testsuite> <!-- Sign_up.TestSignUp -->
