<?xml version="1.0" encoding="UTF-8"?>
<!-- Generated by org.testng.reporters.JUnitReportReporter -->
<testsuite hostname="DESKTOP-79FQPHF" failures="0" tests="1" name="Sign_up.TestSignUp" time="5.226" errors="0" timestamp="2024-07-25T22:16:18 IST" skipped="0">
  <testcase classname="Sign_up.TestSignUp" name="test" time="5.226"/>
</testsuite> <!-- Sign_up.TestSignUp -->
