<?xml version="1.0" encoding="UTF-8"?>
<!-- Generated by org.testng.reporters.JUnitReportReporter -->
<testsuite hostname="DESKTOP-79FQPHF" failures="0" tests="1" name="Login.Test_Log_in" time="1.422" errors="0" timestamp="2024-07-05T07:32:17 IST" skipped="0">
  <testcase classname="Login.Test_Log_in" name="test" time="1.422"/>
</testsuite> <!-- Login.Test_Log_in -->
